\BOOKMARK [1][-]{section.1}{\376\377\000I\000n\000t\000r\000o\000d\000u\000c\000t\000i\000o\000n}{}% 1
\BOOKMARK [2][-]{subsection.1.1}{\376\377\000O\000b\000j\000e\000c\000t\000i\000v\000e}{section.1}% 2
\BOOKMARK [2][-]{subsection.1.2}{\376\377\000R\000C\000\040\000S\000e\000r\000i\000e\000s\000\040\000C\000i\000r\000c\000u\000i\000t}{section.1}% 3
\BOOKMARK [3][-]{subsubsection.1.2.1}{\376\377\000R\000L\000\040\000S\000e\000r\000i\000e\000s\000\040\000C\000i\000r\000c\000u\000i\000t}{subsection.1.2}% 4
\BOOKMARK [3][-]{subsubsection.1.2.2}{\376\377\000R\000L\000C\000\040\000S\000e\000r\000i\000e\000s\000\040\000C\000i\000r\000c\000u\000i\000t}{subsection.1.2}% 5
\BOOKMARK [2][-]{subsection.1.3}{\376\377\000R\000L\000C\000\040\000R\000e\000s\000o\000n\000a\000n\000t\000\040\000C\000i\000r\000c\000u\000i\000t}{section.1}% 6
\BOOKMARK [3][-]{subsubsection.1.3.1}{\376\377\000P\000h\000a\000s\000e\000\040\000S\000h\000i\000f\000t\000\040\000a\000n\000d\000\040\000R\000e\000s\000o\000n\000a\000n\000c\000e\000\040\000F\000r\000e\000q\000u\000e\000n\000c\000y}{subsection.1.3}% 7
\BOOKMARK [3][-]{subsubsection.1.3.2}{\376\377\000R\000e\000s\000o\000n\000a\000n\000c\000e}{subsection.1.3}% 8
\BOOKMARK [3][-]{subsubsection.1.3.3}{\376\377\000Q\000u\000a\000l\000i\000t\000y\000\040\000F\000a\000c\000t\000o\000r\000\040\000i\000n\000\040\000R\000e\000s\000o\000n\000a\000n\000t\000\040\000C\000i\000r\000c\000u\000i\000t\000s}{subsection.1.3}% 9
\BOOKMARK [1][-]{section.2}{\376\377\000A\000p\000p\000a\000r\000a\000t\000u\000s}{}% 10
\BOOKMARK [1][-]{section.3}{\376\377\000M\000e\000a\000s\000u\000r\000e\000m\000e\000n\000t\000\040\000P\000r\000o\000c\000e\000d\000u\000r\000e}{}% 11
\BOOKMARK [2][-]{subsection.3.1}{\376\377\000R\000C\000,\000\040\000R\000L\000\040\000S\000e\000r\000i\000e\000s\000\040\000C\000i\000r\000c\000u\000i\000t}{section.3}% 12
\BOOKMARK [2][-]{subsection.3.2}{\376\377\000R\000L\000C\000\040\000S\000e\000r\000i\000e\000s\000\040\000C\000i\000r\000c\000u\000i\000t}{section.3}% 13
\BOOKMARK [2][-]{subsection.3.3}{\376\377\000R\000L\000C\000\040\000R\000e\000s\000o\000n\000a\000n\000t\000\040\000C\000i\000r\000c\000u\000i\000t}{section.3}% 14
\BOOKMARK [1][-]{section.4}{\376\377\000R\000e\000s\000u\000l\000t\000s}{}% 15
\BOOKMARK [2][-]{subsection.4.1}{\376\377\000R\000C\000\040\000S\000e\000r\000i\000e\000s\000\040\000C\000i\000r\000c\000u\000i\000t}{section.4}% 16
\BOOKMARK [2][-]{subsection.4.2}{\376\377\000R\000L\000\040\000S\000e\000r\000i\000e\000s\000\040\000C\000i\000r\000c\000u\000i\000t}{section.4}% 17
\BOOKMARK [2][-]{subsection.4.3}{\376\377\000R\000L\000C\000\040\000S\000e\000r\000i\000e\000s\000\040\000C\000i\000r\000c\000u\000i\000t}{section.4}% 18
\BOOKMARK [2][-]{subsection.4.4}{\376\377\000R\000L\000C\000\040\000R\000e\000s\000o\000n\000a\000n\000t\000\040\000C\000i\000r\000c\000u\000i\000t}{section.4}% 19
\BOOKMARK [3][-]{subsubsection.4.4.1}{\376\377\000R\000e\000l\000a\000t\000i\000o\000n\000\040\000o\000f\000\040\000I\000/\000I\000m\000\040\000v\000s\000.\000\040\000f\000/\000f\0000\000\040\000a\000n\000d\000\040\000\040\000v\000s\000.\000\040\000f\000/\000f\0000}{subsection.4.4}% 20
\BOOKMARK [3][-]{subsubsection.4.4.2}{\376\377\000Q\000u\000a\000l\000i\000t\000y\000\040\000F\000a\000c\000t\000o\000r\000\040\000Q}{subsection.4.4}% 21
\BOOKMARK [1][-]{section.5}{\376\377\000C\000o\000n\000c\000l\000u\000s\000i\000o\000n\000s\000\040\000a\000n\000d\000\040\000D\000i\000s\000c\000u\000s\000s\000i\000o\000n}{}% 22
\BOOKMARK [2][-]{subsection.5.1}{\376\377\000R\000C\000,\000\040\000R\000L\000\040\000a\000n\000d\000\040\000R\000L\000C\000\040\000S\000e\000r\000i\000e\000s\000\040\000C\000i\000r\000c\000u\000i\000t\000s}{section.5}% 23
\BOOKMARK [2][-]{subsection.5.2}{\376\377\000R\000L\000C\000\040\000R\000e\000s\000o\000n\000a\000n\000t\000\040\000C\000i\000r\000c\000u\000i\000t}{section.5}% 24
\BOOKMARK [2][-]{subsection.5.3}{\376\377\000S\000u\000g\000g\000e\000s\000t\000i\000o\000n\000s\000\040\000a\000n\000d\000\040\000I\000m\000p\000r\000o\000v\000e\000m\000e\000n\000t}{section.5}% 25
\BOOKMARK [2][-]{subsection.5.4}{\376\377\000C\000o\000n\000c\000l\000u\000s\000i\000o\000n\000s}{section.5}% 26
\BOOKMARK [1][-]{appendix.A}{\376\377\000U\000n\000c\000e\000r\000t\000a\000i\000n\000t\000y\000\040\000A\000n\000a\000l\000y\000s\000i\000s}{}% 27
\BOOKMARK [2][-]{subsection.A.1}{\376\377\000R\000C\000\040\000C\000i\000r\000c\000u\000i\000t}{appendix.A}% 28
\BOOKMARK [2][-]{subsection.A.2}{\376\377\000R\000L\000\040\000C\000i\000r\000c\000u\000i\000t}{appendix.A}% 29
\BOOKMARK [2][-]{subsection.A.3}{\376\377\000U\000n\000c\000e\000r\000t\000a\000i\000n\000t\000y\000\040\000o\000f\000\040\000D\000a\000t\000a\000\040\000f\000o\000r\000\040\000R\000L\000C\000\040\000C\000i\000r\000c\000u\000i\000t}{appendix.A}% 30
\BOOKMARK [2][-]{subsection.A.4}{\376\377\000R\000L\000C\000\040\000R\000e\000s\000o\000n\000a\000n\000t\000\040\000C\000i\000r\000c\000u\000i\000t}{appendix.A}% 31
\BOOKMARK [3][-]{subsubsection.A.4.1}{\376\377\000f\000/\000f\0000}{subsection.A.4}% 32
\BOOKMARK [3][-]{subsubsection.A.4.2}{\376\377\000I\000/\000I\000m}{subsection.A.4}% 33
\BOOKMARK [3][-]{subsubsection.A.4.3}{\376\377\000t\000h\000e\000o}{subsection.A.4}% 34
\BOOKMARK [3][-]{subsubsection.A.4.4}{\376\377\000e\000x}{subsection.A.4}% 35
\BOOKMARK [3][-]{subsubsection.A.4.5}{\376\377\000f\0000\000t\000h\000e\000o}{subsection.A.4}% 36
\BOOKMARK [3][-]{subsubsection.A.4.6}{\376\377\000Q\000e\000x\000p}{subsection.A.4}% 37
\BOOKMARK [3][-]{subsubsection.A.4.7}{\376\377\000Q\000t\000h\000e\000o}{subsection.A.4}% 38
\BOOKMARK [1][-]{appendix.B}{\376\377\000D\000a\000t\000a\000\040\000S\000h\000e\000e\000t}{}% 39
